[2022-06-30 07:17:55] {Main.py:43} INFO - Namespace(benchmark='cirfix_benchmarks', project=None, version=None)
[2022-06-30 07:17:55] {Main.py:24} INFO - Start Repair decoder_3_to_8 1.
[2022-06-30 07:17:55] {Repair.py:49} INFO - Running simulation.
[2022-06-30 07:17:56] {Repair.py:52} INFO - Reading oracle and simulation output.
[2022-06-30 07:17:56] {Repair.py:55} INFO - processing VCD files.
[2022-06-30 07:17:56] {Repair.py:60} INFO - AST parsing.
[2022-06-30 07:17:57] {Repair.py:70} INFO - Dataflow analyzing decoder_3to8.
[2022-06-30 07:17:58] {Repair.py:85} INFO - Locating suspicious df nodes.
[2022-06-30 07:17:58] {Repair.py:90} INFO - Suspicious Lines: {15, 16, 17, 18, 19, 20, 21, 22, 23}
[2022-06-30 07:17:58] {Main.py:28} INFO - Repair Completed: 2.8381266593933105s.
[2022-06-30 07:17:58] {Main.py:24} INFO - Start Repair decoder_3_to_8 2.
[2022-06-30 07:17:58] {Repair.py:49} INFO - Running simulation.
[2022-06-30 07:17:59] {Repair.py:52} INFO - Reading oracle and simulation output.
[2022-06-30 07:17:59] {Repair.py:55} INFO - processing VCD files.
[2022-06-30 07:17:59] {Repair.py:60} INFO - AST parsing.
[2022-06-30 07:18:00] {Repair.py:70} INFO - Dataflow analyzing decoder_3to8.
[2022-06-30 07:18:01] {Repair.py:85} INFO - Locating suspicious df nodes.
[2022-06-30 07:18:01] {Repair.py:90} INFO - Suspicious Lines: {15, 16, 17, 18, 19, 20, 21, 22, 23}
[2022-06-30 07:18:01] {Main.py:28} INFO - Repair Completed: 2.834488868713379s.
[2022-06-30 07:18:01] {Main.py:24} INFO - Start Repair first_counter_overflow 1.
[2022-06-30 07:18:01] {Repair.py:49} INFO - Running simulation.
[2022-06-30 07:18:02] {Repair.py:52} INFO - Reading oracle and simulation output.
[2022-06-30 07:18:02] {Repair.py:55} INFO - processing VCD files.
[2022-06-30 07:18:02] {Repair.py:60} INFO - AST parsing.
[2022-06-30 07:18:03] {Repair.py:70} INFO - Dataflow analyzing first_counter.
[2022-06-30 07:18:03] {Repair.py:85} INFO - Locating suspicious df nodes.
[2022-06-30 07:18:03] {Repair.py:90} INFO - Suspicious Lines: {34, 38, 39, 40, 47}
[2022-06-30 07:18:03] {Main.py:28} INFO - Repair Completed: 2.7269234657287598s.
[2022-06-30 07:18:03] {Main.py:24} INFO - Start Repair first_counter_overflow 2.
[2022-06-30 07:18:03] {Repair.py:49} INFO - Running simulation.
[2022-06-30 07:18:04] {Repair.py:52} INFO - Reading oracle and simulation output.
[2022-06-30 07:18:04] {Repair.py:55} INFO - processing VCD files.
[2022-06-30 07:18:04] {Repair.py:60} INFO - AST parsing.
[2022-06-30 07:18:05] {Repair.py:70} INFO - Dataflow analyzing first_counter.
[2022-06-30 07:18:06] {Repair.py:85} INFO - Locating suspicious df nodes.
[2022-06-30 07:18:06] {Repair.py:90} INFO - Suspicious Lines: {34, 43, 38}
[2022-06-30 07:18:06] {Main.py:28} INFO - Repair Completed: 2.715426206588745s.
[2022-06-30 07:18:06] {Main.py:24} INFO - Start Repair first_counter_overflow 3.
[2022-06-30 07:18:06] {Repair.py:49} INFO - Running simulation.
[2022-06-30 07:18:07] {Repair.py:52} INFO - Reading oracle and simulation output.
[2022-06-30 07:18:07] {Repair.py:55} INFO - processing VCD files.
[2022-06-30 07:18:07] {Repair.py:60} INFO - AST parsing.
[2022-06-30 07:18:08] {Repair.py:70} INFO - Dataflow analyzing first_counter.
[2022-06-30 07:18:09] {Repair.py:85} INFO - Locating suspicious df nodes.
[2022-06-30 07:18:09] {Repair.py:90} INFO - Suspicious Lines: {34, 38}
[2022-06-30 07:18:09] {Main.py:28} INFO - Repair Completed: 2.9365947246551514s.
[2022-06-30 07:18:09] {Main.py:24} INFO - Start Repair flip_flop 1.
[2022-06-30 07:18:09] {Repair.py:49} INFO - Running simulation.
[2022-06-30 07:18:10] {Repair.py:52} INFO - Reading oracle and simulation output.
[2022-06-30 07:18:10] {Repair.py:55} INFO - processing VCD files.
[2022-06-30 07:18:10] {Repair.py:60} INFO - AST parsing.
[2022-06-30 07:18:11] {Repair.py:70} INFO - Dataflow analyzing tff.
[2022-06-30 07:18:12] {Repair.py:85} INFO - Locating suspicious df nodes.
[2022-06-30 07:18:12] {Repair.py:90} INFO - Suspicious Lines: {8, 10, 13, 6}
[2022-06-30 07:18:12] {Main.py:28} INFO - Repair Completed: 2.7405078411102295s.
[2022-06-30 07:18:12] {Main.py:24} INFO - Start Repair flip_flop 2.
[2022-06-30 07:18:12] {Repair.py:49} INFO - Running simulation.
[2022-06-30 07:18:13] {Repair.py:52} INFO - Reading oracle and simulation output.
[2022-06-30 07:18:13] {Repair.py:55} INFO - processing VCD files.
[2022-06-30 07:18:13] {Repair.py:60} INFO - AST parsing.
[2022-06-30 07:18:14] {Repair.py:70} INFO - Dataflow analyzing tff.
[2022-06-30 07:18:14] {Repair.py:85} INFO - Locating suspicious df nodes.
[2022-06-30 07:18:14] {Repair.py:90} INFO - Suspicious Lines: {10, 13, 6, 7}
[2022-06-30 07:18:14] {Main.py:28} INFO - Repair Completed: 2.7392115592956543s.
[2022-06-30 07:18:14] {Main.py:24} INFO - Start Repair fsm_full 1.
[2022-06-30 07:18:14] {Repair.py:49} INFO - Running simulation.
[2022-06-30 07:18:16] {Repair.py:52} INFO - Reading oracle and simulation output.
[2022-06-30 07:18:16] {Repair.py:55} INFO - processing VCD files.
[2022-06-30 07:18:16] {Repair.py:60} INFO - AST parsing.
[2022-06-30 07:18:16] {Repair.py:70} INFO - Dataflow analyzing fsm_full.
[2022-06-30 07:18:17] {Repair.py:85} INFO - Locating suspicious df nodes.
[2022-06-30 07:18:17] {Repair.py:90} INFO - Suspicious Lines: {98, 101, 108, 78, 80, 88, 89, 95}
[2022-06-30 07:18:17] {Main.py:28} INFO - Repair Completed: 2.8402819633483887s.
[2022-06-30 07:18:17] {Main.py:24} INFO - Start Repair fsm_full 2.
[2022-06-30 07:18:17] {Repair.py:49} INFO - Running simulation.
[2022-06-30 07:18:18] {Repair.py:52} INFO - Reading oracle and simulation output.
[2022-06-30 07:18:18] {Repair.py:55} INFO - processing VCD files.
[2022-06-30 07:18:18] {Repair.py:60} INFO - AST parsing.
[2022-06-30 07:18:19] {Repair.py:70} INFO - Dataflow analyzing fsm_full.
[2022-06-30 07:18:20] {Repair.py:85} INFO - Locating suspicious df nodes.
[2022-06-30 07:18:20] {Repair.py:90} INFO - Suspicious Lines: {68, 39, 41, 42, 53, 58, 63}
[2022-06-30 07:18:20] {Main.py:28} INFO - Repair Completed: 2.8476741313934326s.
[2022-06-30 07:18:20] {Main.py:24} INFO - Start Repair fsm_full 3.
[2022-06-30 07:18:20] {Repair.py:49} INFO - Running simulation.
[2022-06-30 07:18:21] {Repair.py:52} INFO - Reading oracle and simulation output.
[2022-06-30 07:18:21] {Repair.py:55} INFO - processing VCD files.
[2022-06-30 07:18:21] {Repair.py:60} INFO - AST parsing.
[2022-06-30 07:18:22] {Repair.py:70} INFO - Dataflow analyzing fsm_full.
[2022-06-30 07:18:23] {Repair.py:85} INFO - Locating suspicious df nodes.
[2022-06-30 07:18:23] {Repair.py:90} INFO - Suspicious Lines: {68, 39, 41, 42, 53, 58, 63}
[2022-06-30 07:18:23] {Main.py:28} INFO - Repair Completed: 2.768922805786133s.
[2022-06-30 07:18:23] {Main.py:24} INFO - Start Repair fsm_full 4.
[2022-06-30 07:18:23] {Repair.py:49} INFO - Running simulation.
[2022-06-30 07:18:24] {Repair.py:52} INFO - Reading oracle and simulation output.
[2022-06-30 07:18:24] {Repair.py:55} INFO - processing VCD files.
[2022-06-30 07:18:24] {Repair.py:60} INFO - AST parsing.
[2022-06-30 07:18:25] {Repair.py:70} INFO - Dataflow analyzing fsm_full.
[2022-06-30 07:18:26] {Repair.py:85} INFO - Locating suspicious df nodes.
[2022-06-30 07:18:26] {Repair.py:90} INFO - Suspicious Lines: {96, 84, 86, 95}
[2022-06-30 07:18:26] {Main.py:28} INFO - Repair Completed: 2.9517405033111572s.
[2022-06-30 07:18:26] {Main.py:24} INFO - Start Repair lshift_reg 1.
[2022-06-30 07:18:26] {Repair.py:49} INFO - Running simulation.
[2022-06-30 07:18:27] {Repair.py:52} INFO - Reading oracle and simulation output.
[2022-06-30 07:18:27] {Repair.py:55} INFO - processing VCD files.
[2022-06-30 07:18:27] {Repair.py:60} INFO - AST parsing.
[2022-06-30 07:18:27] {Repair.py:70} INFO - Dataflow analyzing lshift_reg.
[2022-06-30 07:18:28] {Repair.py:85} INFO - Locating suspicious df nodes.
[2022-06-30 07:18:28] {Repair.py:90} INFO - Suspicious Lines: {12, 13, 19, 23, 25}
[2022-06-30 07:18:28] {Main.py:28} INFO - Repair Completed: 2.386840581893921s.
[2022-06-30 07:18:28] {Main.py:24} INFO - Start Repair lshift_reg 2.
[2022-06-30 07:18:28] {Repair.py:49} INFO - Running simulation.
[2022-06-30 07:18:29] {Repair.py:52} INFO - Reading oracle and simulation output.
[2022-06-30 07:18:29] {Repair.py:55} INFO - processing VCD files.
[2022-06-30 07:18:29] {Repair.py:60} INFO - AST parsing.
[2022-06-30 07:18:30] {Repair.py:70} INFO - Dataflow analyzing lshift_reg.
[2022-06-30 07:18:31] {Repair.py:85} INFO - Locating suspicious df nodes.
[2022-06-30 07:18:31] {Repair.py:90} INFO - Suspicious Lines: {12, 13, 19, 22, 23, 25}
[2022-06-30 07:18:31] {Main.py:28} INFO - Repair Completed: 2.9055073261260986s.
[2022-06-30 07:18:31] {Main.py:24} INFO - Start Repair lshift_reg 3.
[2022-06-30 07:18:31] {Repair.py:49} INFO - Running simulation.
[2022-06-30 07:18:32] {Repair.py:52} INFO - Reading oracle and simulation output.
[2022-06-30 07:18:32] {Repair.py:55} INFO - processing VCD files.
[2022-06-30 07:18:32] {Repair.py:60} INFO - AST parsing.
[2022-06-30 07:18:33] {Repair.py:70} INFO - Dataflow analyzing lshift_reg.
[2022-06-30 07:18:34] {Repair.py:85} INFO - Locating suspicious df nodes.
[2022-06-30 07:18:34] {Repair.py:90} INFO - Suspicious Lines: {12, 13, 14}
[2022-06-30 07:18:34] {Main.py:28} INFO - Repair Completed: 2.9456450939178467s.
[2022-06-30 07:18:34] {Main.py:24} INFO - Start Repair mux_4_1 1.
[2022-06-30 07:18:34] {Repair.py:49} INFO - Running simulation.
[2022-06-30 07:18:35] {Repair.py:52} INFO - Reading oracle and simulation output.
[2022-06-30 07:18:35] {Repair.py:55} INFO - processing VCD files.
[2022-06-30 07:18:35] {Repair.py:60} INFO - AST parsing.
[2022-06-30 07:18:36] {Repair.py:70} INFO - Dataflow analyzing mux_4to1_case.
[2022-06-30 07:18:37] {Repair.py:85} INFO - Locating suspicious df nodes.
[2022-06-30 07:18:37] {Repair.py:90} INFO - Suspicious Lines: {10, 11, 12, 13, 14, 15}
[2022-06-30 07:18:37] {Main.py:28} INFO - Repair Completed: 2.7732021808624268s.
[2022-06-30 07:18:37] {Main.py:24} INFO - Start Repair mux_4_1 2.
[2022-06-30 07:18:37] {Repair.py:49} INFO - Running simulation.
[2022-06-30 07:18:38] {Repair.py:52} INFO - Reading oracle and simulation output.
[2022-06-30 07:18:38] {Repair.py:55} INFO - processing VCD files.
[2022-06-30 07:18:38] {Repair.py:60} INFO - AST parsing.
[2022-06-30 07:18:39] {Repair.py:70} INFO - Dataflow analyzing mux_4to1_case.
[2022-06-30 07:18:40] {Repair.py:85} INFO - Locating suspicious df nodes.
[2022-06-30 07:18:40] {Repair.py:90} INFO - Suspicious Lines: {10, 11, 12, 13, 14, 15}
[2022-06-30 07:18:40] {Main.py:28} INFO - Repair Completed: 3.0032479763031006s.
[2022-06-30 07:18:40] {Main.py:24} INFO - Start Repair mux_4_1 3.
[2022-06-30 07:18:40] {Repair.py:49} INFO - Running simulation.
[2022-06-30 07:18:42] {Repair.py:52} INFO - Reading oracle and simulation output.
[2022-06-30 07:18:42] {Repair.py:55} INFO - processing VCD files.
[2022-06-30 07:18:42] {Repair.py:60} INFO - AST parsing.
[2022-06-30 07:18:42] {Repair.py:70} INFO - Dataflow analyzing mux_4to1_case.
[2022-06-30 07:18:43] {Repair.py:85} INFO - Locating suspicious df nodes.
[2022-06-30 07:18:43] {Repair.py:90} INFO - Suspicious Lines: {10, 11, 12}
[2022-06-30 07:18:43] {Main.py:28} INFO - Repair Completed: 3.5327091217041016s.
[2022-06-30 07:18:43] {Main.py:24} INFO - Start Repair i2c 1.
[2022-06-30 07:18:43] {Repair.py:49} INFO - Running simulation.
[2022-06-30 07:18:45] {Repair.py:52} INFO - Reading oracle and simulation output.
[2022-06-30 07:18:46] {Repair.py:55} INFO - processing VCD files.
[2022-06-30 07:18:46] {Repair.py:60} INFO - AST parsing.
[2022-06-30 07:18:47] {Repair.py:70} INFO - Dataflow analyzing wb_master_model.
[2022-06-30 07:18:48] {Repair.py:70} INFO - Dataflow analyzing i2c_master_top.
[2022-06-30 07:18:52] {Repair.py:70} INFO - Dataflow analyzing i2c_slave_model.
[2022-06-30 07:18:55] {Repair.py:85} INFO - Locating suspicious df nodes.
[2022-06-30 07:18:55] {Repair.py:90} INFO - Suspicious Lines: {741, 743, 744, 746, 723, 893, 894}
[2022-06-30 07:18:55] {Main.py:28} INFO - Repair Completed: 11.335416793823242s.
[2022-06-30 07:18:55] {Main.py:24} INFO - Start Repair i2c 2.
[2022-06-30 07:18:55] {Repair.py:49} INFO - Running simulation.
[2022-06-30 07:18:57] {Repair.py:52} INFO - Reading oracle and simulation output.
[2022-06-30 07:18:57] {Repair.py:55} INFO - processing VCD files.
[2022-06-30 07:18:57] {Repair.py:60} INFO - AST parsing.
[2022-06-30 07:18:58] {Repair.py:70} INFO - Dataflow analyzing wb_master_model.
[2022-06-30 07:18:59] {Repair.py:70} INFO - Dataflow analyzing i2c_master_top.
[2022-06-30 07:19:03] {Repair.py:70} INFO - Dataflow analyzing i2c_slave_model.
[2022-06-30 07:19:04] {Repair.py:85} INFO - Locating suspicious df nodes.
[2022-06-30 07:19:04] {Repair.py:90} INFO - Suspicious Lines: {699}
[2022-06-30 07:19:04] {Main.py:28} INFO - Repair Completed: 9.77730917930603s.
[2022-06-30 07:19:04] {Main.py:24} INFO - Start Repair i2c 3.
[2022-06-30 07:19:04] {Repair.py:49} INFO - Running simulation.
[2022-06-30 07:19:06] {Repair.py:52} INFO - Reading oracle and simulation output.
[2022-06-30 07:19:07] {Repair.py:55} INFO - processing VCD files.
[2022-06-30 07:19:07] {Repair.py:60} INFO - AST parsing.
[2022-06-30 07:19:07] {Repair.py:70} INFO - Dataflow analyzing wb_master_model.
[2022-06-30 07:19:08] {Repair.py:70} INFO - Dataflow analyzing i2c_master_top.
[2022-06-30 07:19:12] {Repair.py:70} INFO - Dataflow analyzing i2c_slave_model.
[2022-06-30 07:19:15] {Repair.py:85} INFO - Locating suspicious df nodes.
[2022-06-30 07:19:15] {Repair.py:90} INFO - Suspicious Lines: {1769, 1770, 1778, 1791}
[2022-06-30 07:19:15] {Main.py:28} INFO - Repair Completed: 10.671835660934448s.
[2022-06-30 07:19:15] {Main.py:24} INFO - Start Repair sha3 1.
[2022-06-30 07:19:15] {Repair.py:49} INFO - Running simulation.
[2022-06-30 07:19:17] {Repair.py:52} INFO - Reading oracle and simulation output.
[2022-06-30 07:19:17] {Repair.py:55} INFO - processing VCD files.
[2022-06-30 07:19:17] {Repair.py:60} INFO - AST parsing.
[2022-06-30 07:19:17] {Repair.py:70} INFO - Dataflow analyzing keccak.
[2022-06-30 07:19:20] {Repair.py:85} INFO - Locating suspicious df nodes.
[2022-06-30 07:19:20] {Repair.py:90} INFO - Suspicious Lines: {32, 75, 77, 79, 94}
[2022-06-30 07:19:20] {Main.py:28} INFO - Repair Completed: 5.1458446979522705s.
[2022-06-30 07:19:20] {Main.py:24} INFO - Start Repair sha3 2.
[2022-06-30 07:19:20] {Repair.py:49} INFO - Running simulation.
[2022-06-30 07:19:22] {Repair.py:52} INFO - Reading oracle and simulation output.
[2022-06-30 07:19:22] {Repair.py:55} INFO - processing VCD files.
[2022-06-30 07:19:22] {Repair.py:60} INFO - AST parsing.
[2022-06-30 07:19:23] {Repair.py:70} INFO - Dataflow analyzing keccak.
[2022-06-30 07:19:26] {Repair.py:85} INFO - Locating suspicious df nodes.
[2022-06-30 07:19:26] {Repair.py:90} INFO - Suspicious Lines: {84}
[2022-06-30 07:19:26] {Main.py:28} INFO - Repair Completed: 5.294599771499634s.
[2022-06-30 07:19:26] {Main.py:24} INFO - Start Repair sha3 3.
[2022-06-30 07:19:26] {Repair.py:49} INFO - Running simulation.
[2022-06-30 07:19:27] {Repair.py:52} INFO - Reading oracle and simulation output.
[2022-06-30 07:19:27] {Repair.py:55} INFO - processing VCD files.
[2022-06-30 07:19:27] {Repair.py:60} INFO - AST parsing.
[2022-06-30 07:19:28] {Repair.py:70} INFO - Dataflow analyzing padder.
[2022-06-30 07:19:29] {Repair.py:85} INFO - Locating suspicious df nodes.
[2022-06-30 07:19:29] {Repair.py:90} INFO - Suspicious Lines: {143}
[2022-06-30 07:19:29] {Main.py:28} INFO - Repair Completed: 3.128931999206543s.
[2022-06-30 07:19:29] {Main.py:24} INFO - Start Repair sha3 4.
[2022-06-30 07:19:29] {Repair.py:49} INFO - Running simulation.
[2022-06-30 07:19:30] {Repair.py:52} INFO - Reading oracle and simulation output.
[2022-06-30 07:19:30] {Repair.py:55} INFO - processing VCD files.
[2022-06-30 07:19:30] {Repair.py:60} INFO - AST parsing.
[2022-06-30 07:19:31] {Repair.py:70} INFO - Dataflow analyzing keccak.
[2022-06-30 07:19:34] {Repair.py:85} INFO - Locating suspicious df nodes.
[2022-06-30 07:19:34] {Repair.py:90} INFO - Suspicious Lines: {32, 483, 485, 487}
[2022-06-30 07:19:34] {Main.py:28} INFO - Repair Completed: 5.069119215011597s.
[2022-06-30 07:19:34] {Main.py:24} INFO - Start Repair pairing 1.
[2022-06-30 07:19:34] {Repair.py:49} INFO - Running simulation.
[2022-06-30 07:20:14] {Repair.py:52} INFO - Reading oracle and simulation output.
[2022-06-30 07:20:14] {Repair.py:55} INFO - processing VCD files.
[2022-06-30 07:20:14] {Repair.py:60} INFO - AST parsing.
[2022-06-30 07:20:15] {Repair.py:70} INFO - Dataflow analyzing duursma_lee_algo.
[2022-06-30 07:21:44] {Main.py:33} ERROR - 1:17: Expected $end
[2022-06-30 07:21:45] {Main.py:24} INFO - Start Repair pairing 2.
[2022-06-30 07:21:45] {Repair.py:49} INFO - Running simulation.
[2022-06-30 07:21:48] {Repair.py:52} INFO - Reading oracle and simulation output.
[2022-06-30 07:21:48] {Repair.py:55} INFO - processing VCD files.
[2022-06-30 07:21:48] {Repair.py:60} INFO - AST parsing.
[2022-06-30 07:21:49] {Repair.py:70} INFO - Dataflow analyzing duursma_lee_algo.
[2022-06-30 07:23:08] {Main.py:33} ERROR - 1:17: Expected $end
[2022-06-30 07:23:08] {Main.py:24} INFO - Start Repair pairing 3.
[2022-06-30 07:23:08] {Repair.py:49} INFO - Running simulation.
[2022-06-30 07:23:13] {Repair.py:52} INFO - Reading oracle and simulation output.
[2022-06-30 07:23:13] {Repair.py:55} INFO - processing VCD files.
[2022-06-30 07:23:13] {Repair.py:60} INFO - AST parsing.
[2022-06-30 07:23:14] {Repair.py:70} INFO - Dataflow analyzing duursma_lee_algo.
[2022-06-30 07:24:35] {Main.py:33} ERROR - 1:17: Expected $end
[2022-06-30 07:24:35] {Main.py:24} INFO - Start Repair reed_solomon_decoder 1.
[2022-06-30 07:24:35] {Repair.py:49} INFO - Running simulation.
[2022-06-30 07:24:38] {Repair.py:52} INFO - Reading oracle and simulation output.
[2022-06-30 07:24:39] {Repair.py:55} INFO - processing VCD files.
[2022-06-30 07:24:39] {Repair.py:60} INFO - AST parsing.
[2022-06-30 07:24:40] {Repair.py:70} INFO - Dataflow analyzing RS_dec.
[2022-06-30 07:24:54] {Repair.py:85} INFO - Locating suspicious df nodes.
[2022-06-30 07:24:54] {Repair.py:90} INFO - Suspicious Lines: {1184, 963, 965, 1181}
[2022-06-30 07:24:54] {Main.py:28} INFO - Repair Completed: 19.313499927520752s.
[2022-06-30 07:24:54] {Main.py:24} INFO - Start Repair reed_solomon_decoder 2.
[2022-06-30 07:24:54] {Repair.py:49} INFO - Running simulation.
[2022-06-30 07:24:57] {Repair.py:52} INFO - Reading oracle and simulation output.
[2022-06-30 07:24:58] {Repair.py:55} INFO - processing VCD files.
[2022-06-30 07:24:58] {Repair.py:60} INFO - AST parsing.
[2022-06-30 07:24:59] {Main.py:33} ERROR - 'utf-8' codec can't decode byte 0x92 in position 20103: invalid start byte
[2022-06-30 07:24:59] {Main.py:24} INFO - Start Repair sdram_controller 1.
[2022-06-30 07:24:59] {Repair.py:49} INFO - Running simulation.
[2022-06-30 07:25:00] {Repair.py:52} INFO - Reading oracle and simulation output.
[2022-06-30 07:25:00] {Repair.py:55} INFO - processing VCD files.
[2022-06-30 07:25:00] {Repair.py:60} INFO - AST parsing.
[2022-06-30 07:25:01] {Repair.py:70} INFO - Dataflow analyzing sdram_controller.
[2022-06-30 07:25:02] {Repair.py:85} INFO - Locating suspicious df nodes.
[2022-06-30 07:25:02] {Repair.py:90} INFO - Suspicious Lines: {182, 148, 173, 174}
[2022-06-30 07:25:02] {Main.py:28} INFO - Repair Completed: 3.4879026412963867s.
[2022-06-30 07:25:02] {Main.py:24} INFO - Start Repair sdram_controller 2.
[2022-06-30 07:25:02] {Repair.py:49} INFO - Running simulation.
[2022-06-30 07:25:03] {Repair.py:52} INFO - Reading oracle and simulation output.
[2022-06-30 07:25:03] {Repair.py:55} INFO - processing VCD files.
[2022-06-30 07:25:03] {Repair.py:60} INFO - AST parsing.
[2022-06-30 07:25:04] {Repair.py:70} INFO - Dataflow analyzing sdram_controller.
[2022-06-30 07:25:06] {Repair.py:85} INFO - Locating suspicious df nodes.
[2022-06-30 07:25:06] {Repair.py:90} INFO - Suspicious Lines: {385, 322, 354, 387, 327, 359, 377, 332, 367, 305, 306, 337, 308, 372, 342, 313, 282, 317, 350}
[2022-06-30 07:25:06] {Main.py:28} INFO - Repair Completed: 3.573455333709717s.
[2022-06-30 07:25:06] {Main.py:24} INFO - Start Repair sdram_controller 3.
[2022-06-30 07:25:06] {Repair.py:49} INFO - Running simulation.
[2022-06-30 07:25:07] {Repair.py:52} INFO - Reading oracle and simulation output.
[2022-06-30 07:25:07] {Repair.py:55} INFO - processing VCD files.
[2022-06-30 07:25:07] {Repair.py:60} INFO - AST parsing.
[2022-06-30 07:25:08] {Repair.py:70} INFO - Dataflow analyzing sdram_controller.
[2022-06-30 07:25:09] {Repair.py:85} INFO - Locating suspicious df nodes.
[2022-06-30 07:25:09] {Repair.py:90} INFO - Suspicious Lines: {385, 390, 395, 400, 282, 305, 306, 308, 313, 317, 322, 327, 332, 337, 342, 350, 354, 359, 367, 372, 377}
[2022-06-30 07:25:09] {Main.py:28} INFO - Repair Completed: 3.5011889934539795s.
